[datetime.datetime(2015, 3, 29, 17, 29, 18, 143991), 21.937]
[datetime.datetime(2015, 3, 29, 17, 34, 19, 63794), 21.812]
[datetime.datetime(2015, 3, 29, 17, 39, 19, 943711), 21.562]
[datetime.datetime(2015, 3, 29, 17, 44, 20, 833739), 21.375]
[datetime.datetime(2015, 3, 29, 17, 49, 21, 733716), 21.312]
[datetime.datetime(2015, 3, 29, 17, 54, 22, 563745), 21.187]
[datetime.datetime(2015, 3, 29, 17, 59, 23, 433734), 21.0]
[datetime.datetime(2015, 3, 29, 18, 4, 24, 353809), 20.875]
[datetime.datetime(2015, 3, 29, 18, 9, 25, 243787), 20.625]
[datetime.datetime(2015, 3, 29, 18, 14, 26, 73739), 20.562]
[datetime.datetime(2015, 3, 29, 18, 19, 26, 933733), 20.625]
[datetime.datetime(2015, 3, 29, 18, 24, 27, 833733), 20.562]
[datetime.datetime(2015, 3, 29, 18, 29, 28, 663737), 20.437]
[datetime.datetime(2015, 3, 29, 18, 34, 29, 563740), 20.562]
[datetime.datetime(2015, 3, 29, 18, 39, 30, 423728), 20.375]
[datetime.datetime(2015, 3, 29, 18, 44, 31, 343806), 20.75]
[datetime.datetime(2015, 3, 29, 18, 49, 32, 173770), 20.437]
[datetime.datetime(2015, 3, 29, 18, 54, 33, 63795), 20.375]
[datetime.datetime(2015, 3, 29, 18, 59, 33, 973766), 20.312]
[datetime.datetime(2015, 3, 29, 19, 4, 34, 863764), 20.312]
[datetime.datetime(2015, 3, 29, 19, 9, 35, 703739), 20.312]
[datetime.datetime(2015, 3, 29, 19, 14, 36, 603799), 20.687]
[datetime.datetime(2015, 3, 29, 19, 19, 37, 493732), 20.875]
[datetime.datetime(2015, 3, 29, 19, 24, 39, 233819), 20.937]
[datetime.datetime(2015, 3, 29, 19, 29, 40, 103800), 21.062]
[datetime.datetime(2015, 3, 29, 19, 34, 40, 953796), 20.937]
[datetime.datetime(2015, 3, 29, 19, 39, 41, 813759), 21.375]
[datetime.datetime(2015, 3, 29, 19, 44, 42, 693723), 21.5]
[datetime.datetime(2015, 3, 29, 19, 49, 43, 523738), 21.0]
[datetime.datetime(2015, 3, 29, 19, 54, 44, 443786), 20.937]
[datetime.datetime(2015, 3, 29, 19, 59, 45, 313809), 20.937]
[datetime.datetime(2015, 3, 29, 20, 4, 46, 233861), 20.812]
[datetime.datetime(2015, 3, 29, 20, 9, 47, 63843), 20.875]
[datetime.datetime(2015, 3, 29, 20, 14, 47, 963734), 20.812]
[datetime.datetime(2015, 3, 29, 20, 19, 48, 813755), 20.75]
[datetime.datetime(2015, 3, 29, 20, 24, 49, 663734), 20.687]
[datetime.datetime(2015, 3, 29, 20, 29, 50, 563739), 20.687]
[datetime.datetime(2015, 3, 29, 20, 34, 51, 483753), 20.625]
[datetime.datetime(2015, 3, 29, 20, 39, 52, 313735), 20.625]
[datetime.datetime(2015, 3, 29, 20, 44, 53, 234062), 20.625]
[datetime.datetime(2015, 3, 29, 20, 49, 54, 93800), 20.562]
[datetime.datetime(2015, 3, 29, 20, 54, 54, 934039), 20.625]
[datetime.datetime(2015, 3, 29, 20, 59, 55, 813833), 20.562]
[datetime.datetime(2015, 3, 29, 21, 4, 56, 663751), 20.562]
[datetime.datetime(2015, 3, 29, 21, 9, 57, 563741), 20.562]
[datetime.datetime(2015, 3, 29, 21, 14, 58, 473824), 20.5]
[datetime.datetime(2015, 3, 29, 21, 19, 59, 313870), 20.437]
[datetime.datetime(2015, 3, 29, 21, 25, 0, 153738), 20.375]
[datetime.datetime(2015, 3, 29, 21, 30, 1, 13782), 20.312]
[datetime.datetime(2015, 3, 29, 21, 35, 1, 844064), 20.312]
[datetime.datetime(2015, 3, 29, 21, 40, 2, 763749), 20.25]
[datetime.datetime(2015, 3, 29, 21, 45, 3, 663731), 20.25]
[datetime.datetime(2015, 3, 29, 21, 50, 4, 563751), 20.187]
[datetime.datetime(2015, 3, 29, 21, 55, 5, 483726), 20.125]
[datetime.datetime(2015, 3, 29, 22, 0, 6, 313753), 20.125]
[datetime.datetime(2015, 3, 29, 22, 5, 7, 153783), 20.062]
[datetime.datetime(2015, 3, 29, 22, 10, 8, 53728), 20.062]
[datetime.datetime(2015, 3, 29, 22, 15, 8, 934033), 20.0]
[datetime.datetime(2015, 3, 29, 22, 20, 9, 813738), 20.25]
[datetime.datetime(2015, 3, 29, 22, 25, 10, 663739), 20.5]
[datetime.datetime(2015, 3, 29, 22, 30, 11, 563869), 20.687]
[datetime.datetime(2015, 3, 29, 22, 35, 12, 453779), 20.625]
[datetime.datetime(2015, 3, 29, 22, 40, 13, 343762), 20.437]
[datetime.datetime(2015, 3, 29, 22, 45, 14, 263822), 20.375]
[datetime.datetime(2015, 3, 29, 22, 50, 15, 173699), 20.375]
[datetime.datetime(2015, 3, 29, 22, 55, 16, 3711), 20.25]
[datetime.datetime(2015, 3, 29, 23, 0, 16, 844003), 20.187]
[datetime.datetime(2015, 3, 29, 23, 5, 17, 763752), 20.125]
[datetime.datetime(2015, 3, 29, 23, 10, 18, 663714), 20.062]
[datetime.datetime(2015, 3, 29, 23, 15, 19, 563765), 20.062]
[datetime.datetime(2015, 3, 29, 23, 20, 20, 413790), 20.0]
[datetime.datetime(2015, 3, 29, 23, 25, 21, 313803), 19.937]
[datetime.datetime(2015, 3, 29, 23, 30, 22, 233725), 19.937]
[datetime.datetime(2015, 3, 29, 23, 35, 23, 63719), 19.875]
[datetime.datetime(2015, 3, 29, 23, 40, 23, 983766), 19.875]
[datetime.datetime(2015, 3, 29, 23, 45, 24, 813812), 19.812]
[datetime.datetime(2015, 3, 29, 23, 50, 25, 694025), 19.812]
[datetime.datetime(2015, 3, 29, 23, 55, 26, 563773), 19.75]
[datetime.datetime(2015, 3, 30, 0, 0, 27, 483747), 19.75]
[datetime.datetime(2015, 3, 30, 0, 5, 28, 313744), 19.687]
[datetime.datetime(2015, 3, 30, 0, 10, 29, 233746), 19.687]
[datetime.datetime(2015, 3, 30, 0, 15, 30, 63766), 19.625]
[datetime.datetime(2015, 3, 30, 0, 20, 30, 983724), 19.625]
[datetime.datetime(2015, 3, 30, 0, 25, 31, 873798), 19.562]
[datetime.datetime(2015, 3, 30, 0, 30, 32, 743969), 19.562]
[datetime.datetime(2015, 3, 30, 0, 35, 33, 663768), 19.5]
[datetime.datetime(2015, 3, 30, 0, 40, 34, 583759), 19.5]
[datetime.datetime(2015, 3, 30, 0, 45, 35, 503727), 19.437]
[datetime.datetime(2015, 3, 30, 0, 50, 36, 423743), 19.437]
[datetime.datetime(2015, 3, 30, 0, 55, 37, 313753), 19.437]
[datetime.datetime(2015, 3, 30, 1, 0, 38, 153757), 19.375]
[datetime.datetime(2015, 3, 30, 1, 5, 39, 73766), 19.375]
[datetime.datetime(2015, 3, 30, 1, 10, 39, 953757), 19.312]
[datetime.datetime(2015, 3, 30, 1, 15, 40, 813737), 19.312]
[datetime.datetime(2015, 3, 30, 1, 20, 41, 673726), 19.25]
[datetime.datetime(2015, 3, 30, 1, 25, 42, 593790), 19.25]
[datetime.datetime(2015, 3, 30, 1, 30, 43, 453738), 19.187]
[datetime.datetime(2015, 3, 30, 1, 35, 44, 283796), 19.187]
[datetime.datetime(2015, 3, 30, 1, 40, 45, 143743), 19.125]
[datetime.datetime(2015, 3, 30, 1, 45, 46, 63782), 19.125]
[datetime.datetime(2015, 3, 30, 1, 50, 46, 904094), 19.062]
[datetime.datetime(2015, 3, 30, 1, 55, 47, 813742), 19.062]
[datetime.datetime(2015, 3, 30, 2, 0, 48, 663746), 19.0]
[datetime.datetime(2015, 3, 30, 2, 5, 49, 583757), 19.0]
[datetime.datetime(2015, 3, 30, 2, 10, 50, 503717), 19.0]
[datetime.datetime(2015, 3, 30, 2, 15, 51, 393760), 18.937]
[datetime.datetime(2015, 3, 30, 2, 20, 52, 314015), 18.937]
[datetime.datetime(2015, 3, 30, 2, 25, 53, 203799), 18.875]
[datetime.datetime(2015, 3, 30, 2, 30, 54, 63726), 18.875]
[datetime.datetime(2015, 3, 30, 2, 35, 54, 983790), 18.812]
[datetime.datetime(2015, 3, 30, 2, 40, 55, 813704), 18.812]
[datetime.datetime(2015, 3, 30, 2, 45, 56, 663741), 18.75]
[datetime.datetime(2015, 3, 30, 2, 50, 57, 563736), 18.75]
[datetime.datetime(2015, 3, 30, 2, 55, 58, 413766), 18.75]
[datetime.datetime(2015, 3, 30, 3, 0, 59, 243757), 18.687]
[datetime.datetime(2015, 3, 30, 3, 6, 0, 163742), 18.625]
[datetime.datetime(2015, 3, 30, 3, 11, 1, 63736), 18.625]
[datetime.datetime(2015, 3, 30, 3, 16, 1, 983741), 18.625]
[datetime.datetime(2015, 3, 30, 3, 21, 2, 893734), 18.562]
[datetime.datetime(2015, 3, 30, 3, 26, 3, 813754), 18.562]
[datetime.datetime(2015, 3, 30, 3, 31, 4, 663742), 18.5]
[datetime.datetime(2015, 3, 30, 3, 36, 5, 563984), 18.5]
[datetime.datetime(2015, 3, 30, 3, 41, 6, 483730), 18.5]
[datetime.datetime(2015, 3, 30, 3, 46, 7, 353846), 18.437]
[datetime.datetime(2015, 3, 30, 3, 51, 8, 273745), 18.437]
[datetime.datetime(2015, 3, 30, 3, 56, 9, 163743), 18.437]
[datetime.datetime(2015, 3, 30, 4, 1, 10, 63738), 18.375]
[datetime.datetime(2015, 3, 30, 4, 6, 10, 983748), 18.375]
[datetime.datetime(2015, 3, 30, 4, 11, 11, 813727), 18.312]
[datetime.datetime(2015, 3, 30, 4, 16, 12, 733745), 18.312]
[datetime.datetime(2015, 3, 30, 4, 21, 13, 563745), 18.25]
[datetime.datetime(2015, 3, 30, 4, 26, 14, 403723), 18.25]
[datetime.datetime(2015, 3, 30, 4, 31, 15, 283762), 18.187]
[datetime.datetime(2015, 3, 30, 4, 36, 16, 203743), 18.187]
[datetime.datetime(2015, 3, 30, 4, 41, 17, 63801), 18.125]
[datetime.datetime(2015, 3, 30, 4, 46, 17, 983808), 18.125]
[datetime.datetime(2015, 3, 30, 4, 51, 18, 813721), 18.125]
[datetime.datetime(2015, 3, 30, 4, 56, 19, 663749), 18.062]
[datetime.datetime(2015, 3, 30, 4, 59, 20, 923988), 18.062]
[datetime.datetime(2015, 3, 30, 5, 4, 21, 813728), 18.062]
[datetime.datetime(2015, 3, 30, 5, 9, 22, 663727), 18.0]
[datetime.datetime(2015, 3, 30, 5, 14, 23, 563704), 18.062]
[datetime.datetime(2015, 3, 30, 5, 19, 24, 493716), 18.125]
[datetime.datetime(2015, 3, 30, 5, 24, 25, 353722), 18.187]
[datetime.datetime(2015, 3, 30, 5, 29, 26, 183741), 18.25]
[datetime.datetime(2015, 3, 30, 5, 34, 27, 63711), 18.312]
[datetime.datetime(2015, 3, 30, 5, 39, 27, 993778), 18.5]
[datetime.datetime(2015, 3, 30, 5, 44, 28, 923740), 18.625]
[datetime.datetime(2015, 3, 30, 5, 49, 29, 753702), 18.687]
[datetime.datetime(2015, 3, 30, 5, 54, 30, 663733), 18.812]
[datetime.datetime(2015, 3, 30, 5, 59, 31, 563737), 18.875]
[datetime.datetime(2015, 3, 30, 6, 4, 32, 403762), 18.875]
[datetime.datetime(2015, 3, 30, 6, 9, 33, 303755), 18.937]
[datetime.datetime(2015, 3, 30, 6, 14, 34, 233742), 19.062]
[datetime.datetime(2015, 3, 30, 6, 19, 35, 103766), 19.062]
[datetime.datetime(2015, 3, 30, 6, 24, 36, 33715), 19.062]
[datetime.datetime(2015, 3, 30, 6, 29, 36, 963740), 19.062]
[datetime.datetime(2015, 3, 30, 6, 34, 37, 813767), 19.125]
[datetime.datetime(2015, 3, 30, 6, 39, 38, 663720), 19.125]
[datetime.datetime(2015, 3, 30, 6, 44, 39, 563730), 19.437]
[datetime.datetime(2015, 3, 30, 6, 49, 40, 393731), 19.687]
[datetime.datetime(2015, 3, 30, 6, 54, 41, 313737), 19.812]
[datetime.datetime(2015, 3, 30, 6, 59, 42, 193731), 19.875]
[datetime.datetime(2015, 3, 30, 7, 4, 43, 63729), 19.625]
[datetime.datetime(2015, 3, 30, 7, 9, 43, 993784), 19.625]
[datetime.datetime(2015, 3, 30, 7, 14, 44, 893743), 19.625]
[datetime.datetime(2015, 3, 30, 7, 19, 45, 813806), 19.562]
[datetime.datetime(2015, 3, 30, 7, 24, 46, 723699), 19.562]
[datetime.datetime(2015, 3, 30, 7, 29, 47, 563734), 19.5]
[datetime.datetime(2015, 3, 30, 7, 34, 48, 433847), 19.437]
[datetime.datetime(2015, 3, 30, 7, 39, 49, 313703), 19.437]
[datetime.datetime(2015, 3, 30, 7, 44, 50, 243762), 19.437]
[datetime.datetime(2015, 3, 30, 7, 49, 51, 173736), 19.375]
[datetime.datetime(2015, 3, 30, 7, 54, 52, 63736), 19.312]
[datetime.datetime(2015, 3, 30, 7, 59, 52, 943723), 19.312]
[datetime.datetime(2015, 3, 30, 8, 4, 53, 813698), 19.25]
[datetime.datetime(2015, 3, 30, 8, 9, 54, 663707), 19.25]
[datetime.datetime(2015, 3, 30, 8, 14, 55, 563778), 19.25]
[datetime.datetime(2015, 3, 30, 8, 19, 56, 483731), 19.187]
[datetime.datetime(2015, 3, 30, 8, 24, 57, 313724), 19.187]
[datetime.datetime(2015, 3, 30, 8, 29, 58, 143745), 19.187]
[datetime.datetime(2015, 3, 30, 8, 34, 59, 63721), 19.187]
[datetime.datetime(2015, 3, 30, 8, 39, 59, 993746), 19.187]
[datetime.datetime(2015, 3, 30, 8, 45, 0, 853731), 19.187]
[datetime.datetime(2015, 3, 30, 8, 50, 1, 683717), 19.187]
[datetime.datetime(2015, 3, 30, 8, 55, 2, 563731), 19.125]
[datetime.datetime(2015, 3, 30, 9, 0, 3, 493730), 19.125]
[datetime.datetime(2015, 3, 30, 9, 5, 4, 423730), 19.125]
[datetime.datetime(2015, 3, 30, 9, 10, 5, 303749), 19.125]
[datetime.datetime(2015, 3, 30, 9, 15, 6, 143797), 19.125]
[datetime.datetime(2015, 3, 30, 9, 20, 7, 63764), 19.125]
[datetime.datetime(2015, 3, 30, 9, 25, 7, 894034), 19.187]
[datetime.datetime(2015, 3, 30, 9, 30, 8, 765995), 19.187]
[datetime.datetime(2015, 3, 30, 9, 35, 9, 663732), 19.125]
[datetime.datetime(2015, 3, 30, 9, 40, 10, 523723), 19.187]
[datetime.datetime(2015, 3, 30, 9, 45, 11, 453810), 19.25]
[datetime.datetime(2015, 3, 30, 9, 50, 12, 313713), 19.375]
[datetime.datetime(2015, 3, 30, 9, 55, 13, 203754), 19.375]
[datetime.datetime(2015, 3, 30, 10, 0, 14, 63754), 19.312]
[datetime.datetime(2015, 3, 30, 10, 5, 14, 953720), 19.312]
[datetime.datetime(2015, 3, 30, 10, 10, 15, 813846), 19.25]
[datetime.datetime(2015, 3, 30, 10, 15, 16, 663727), 19.25]
[datetime.datetime(2015, 3, 30, 10, 20, 17, 563773), 19.25]
[datetime.datetime(2015, 3, 30, 10, 25, 18, 413742), 19.312]
[datetime.datetime(2015, 3, 30, 10, 30, 19, 313729), 19.312]
[datetime.datetime(2015, 3, 30, 10, 35, 20, 243735), 19.437]
[datetime.datetime(2015, 3, 30, 10, 40, 21, 173738), 19.5]
[datetime.datetime(2015, 3, 30, 10, 45, 22, 63718), 19.5]
[datetime.datetime(2015, 3, 30, 10, 50, 22, 983733), 19.5]
[datetime.datetime(2015, 3, 30, 10, 55, 23, 883738), 19.562]
[datetime.datetime(2015, 3, 30, 11, 0, 24, 813809), 19.562]
[datetime.datetime(2015, 3, 30, 11, 5, 25, 744207), 19.562]
[datetime.datetime(2015, 3, 30, 11, 10, 26, 663754), 19.562]
[datetime.datetime(2015, 3, 30, 11, 15, 27, 563729), 19.625]
[datetime.datetime(2015, 3, 30, 11, 20, 28, 423790), 19.75]
[datetime.datetime(2015, 3, 30, 11, 25, 29, 333817), 19.687]
[datetime.datetime(2015, 3, 30, 11, 30, 30, 263759), 19.75]
[datetime.datetime(2015, 3, 30, 11, 35, 31, 183727), 19.812]
[datetime.datetime(2015, 3, 30, 11, 40, 32, 63809), 19.75]
[datetime.datetime(2015, 3, 30, 11, 45, 32, 993734), 19.75]
[datetime.datetime(2015, 3, 30, 11, 50, 33, 923741), 19.75]
[datetime.datetime(2015, 3, 30, 11, 55, 34, 813981), 19.75]
[datetime.datetime(2015, 3, 30, 12, 0, 35, 733773), 19.812]
[datetime.datetime(2015, 3, 30, 12, 5, 36, 563742), 19.875]
[datetime.datetime(2015, 3, 30, 12, 10, 37, 423760), 19.875]
[datetime.datetime(2015, 3, 30, 12, 15, 38, 253792), 19.937]
[datetime.datetime(2015, 3, 30, 12, 20, 39, 133737), 19.937]
[datetime.datetime(2015, 3, 30, 12, 25, 40, 63738), 19.937]
[datetime.datetime(2015, 3, 30, 12, 30, 40, 993966), 19.875]
[datetime.datetime(2015, 3, 30, 12, 35, 41, 913728), 19.937]
[datetime.datetime(2015, 3, 30, 12, 40, 42, 813793), 20.125]
[datetime.datetime(2015, 3, 30, 12, 45, 43, 663737), 20.125]
[datetime.datetime(2015, 3, 30, 12, 50, 44, 563703), 20.125]
[datetime.datetime(2015, 3, 30, 12, 55, 45, 433744), 20.062]
[datetime.datetime(2015, 3, 30, 13, 0, 46, 313734), 20.0]
[datetime.datetime(2015, 3, 30, 13, 5, 47, 233737), 19.875]
[datetime.datetime(2015, 3, 30, 13, 10, 48, 63728), 19.875]
[datetime.datetime(2015, 3, 30, 13, 15, 48, 924982), 19.812]
